# JRE version: Java(TM) SE Runtime Environment (8.0_25-b18) (build 1.8.0_25-b18)
# Java VM: Java HotSpot(TM) 64-Bit Server VM (25.25-b02 mixed mode windows-amd64 compressed oops)
Heap:
 PSYoungGen      total 107520K, used 29341K [0x00000000f5580000, 0x00000000ff500000, 0x0000000100000000)
  eden space 105984K, 27% used [0x00000000f5580000,0x00000000f7227748,0x00000000fbd00000)
  from space 1536K, 0% used [0x00000000fbd00000,0x00000000fbd00000,0x00000000fbe80000)
  to   space 28672K, 0% used [0x00000000fd900000,0x00000000fd900000,0x00000000ff500000)
 ParOldGen       total 86016K, used 39716K [0x00000000e0000000, 0x00000000e5400000, 0x00000000f5580000)
  object space 86016K, 46% used [0x00000000e0000000,0x00000000e26c90b8,0x00000000e5400000)
 Metaspace       used 84745K, capacity 90864K, committed 91264K, reserved 1128448K
  class space    used 10358K, capacity 12308K, committed 12416K, reserved 1048576K
GC Heap History (10 events):
Event: 559.179 GC heap before
{Heap before GC invocations=29 (full 8):
 PSYoungGen      total 140288K, used 8466K [0x00000000f5580000, 0x00000000ffe80000, 0x0000000100000000)
  eden space 109568K, 5% used [0x00000000f5580000,0x00000000f5bdadb0,0x00000000fc080000)
  from space 30720K, 6% used [0x00000000fe080000,0x00000000fe269c70,0x00000000ffe80000)
  to   space 31744K, 0% used [0x00000000fc080000,0x00000000fc080000,0x00000000fdf80000)
 ParOldGen       total 86016K, used 51475K [0x00000000e0000000, 0x00000000e5400000, 0x00000000f5580000)
  object space 86016K, 59% used [0x00000000e0000000,0x00000000e3244dc0,0x00000000e5400000)
 Metaspace       used 83489K, capacity 89550K, committed 89728K, reserved 1126400K
  class space    used 10266K, capacity 12159K, committed 12160K, reserved 1048576K
Event: 559.184 GC heap after
Heap after GC invocations=29 (full 8):
 PSYoungGen      total 111616K, used 1966K [0x00000000f5580000, 0x00000000ffc80000, 0x0000000100000000)
  eden space 109568K, 0% used [0x00000000f5580000,0x00000000f5580000,0x00000000fc080000)
  from space 2048K, 96% used [0x00000000fc080000,0x00000000fc26b8d0,0x00000000fc280000)
  to   space 30720K, 0% used [0x00000000fde80000,0x00000000fde80000,0x00000000ffc80000)
 ParOldGen       total 86016K, used 51483K [0x00000000e0000000, 0x00000000e5400000, 0x00000000f5580000)
  object space 86016K, 59% used [0x00000000e0000000,0x00000000e3246dc0,0x00000000e5400000)
 Metaspace       used 83489K, capacity 89550K, committed 89728K, reserved 1126400K
  class space    used 10266K, capacity 12159K, committed 12160K, reserved 1048576K
}
Event: 559.184 GC heap before
{Heap before GC invocations=30 (full 9):
 PSYoungGen      total 111616K, used 1966K [0x00000000f5580000, 0x00000000ffc80000, 0x0000000100000000)
  eden space 109568K, 0% used [0x00000000f5580000,0x00000000f5580000,0x00000000fc080000)
  from space 2048K, 96% used [0x00000000fc080000,0x00000000fc26b8d0,0x00000000fc280000)
  to   space 30720K, 0% used [0x00000000fde80000,0x00000000fde80000,0x00000000ffc80000)
 ParOldGen       total 86016K, used 51483K [0x00000000e0000000, 0x00000000e5400000, 0x00000000f5580000)
  object space 86016K, 59% used [0x00000000e0000000,0x00000000e3246dc0,0x00000000e5400000)
 Metaspace       used 83489K, capacity 89550K, committed 89728K, reserved 1126400K
  class space    used 10266K, capacity 12159K, committed 12160K, reserved 1048576K
Event: 559.479 GC heap after
Heap after GC invocations=30 (full 9):
 PSYoungGen      total 111616K, used 0K [0x00000000f5580000, 0x00000000ffc80000, 0x0000000100000000)
  eden space 109568K, 0% used [0x00000000f5580000,0x00000000f5580000,0x00000000fc080000)
  from space 2048K, 0% used [0x00000000fc080000,0x00000000fc080000,0x00000000fc280000)
  to   space 30720K, 0% used [0x00000000fde80000,0x00000000fde80000,0x00000000ffc80000)
 ParOldGen       total 86016K, used 43314K [0x00000000e0000000, 0x00000000e5400000, 0x00000000f5580000)
  object space 86016K, 50% used [0x00000000e0000000,0x00000000e2a4c8e0,0x00000000e5400000)
 Metaspace       used 83477K, capacity 89532K, committed 89728K, reserved 1126400K
  class space    used 10264K, capacity 12156K, committed 12160K, reserved 1048576K
}
Event: 2105.826 GC heap before
{Heap before GC invocations=31 (full 9):
 PSYoungGen      total 111616K, used 109568K [0x00000000f5580000, 0x00000000ffc80000, 0x0000000100000000)
  eden space 109568K, 100% used [0x00000000f5580000,0x00000000fc080000,0x00000000fc080000)
  from space 2048K, 0% used [0x00000000fc080000,0x00000000fc080000,0x00000000fc280000)
  to   space 30720K, 0% used [0x00000000fde80000,0x00000000fde80000,0x00000000ffc80000)
 ParOldGen       total 86016K, used 43314K [0x00000000e0000000, 0x00000000e5400000, 0x00000000f5580000)
  object space 86016K, 50% used [0x00000000e0000000,0x00000000e2a4c8e0,0x00000000e5400000)
 Metaspace       used 83898K, capacity 89980K, committed 90240K, reserved 1128448K
  class space    used 10265K, capacity 12156K, committed 12160K, reserved 1048576K
Event: 2105.833 GC heap after
Heap after GC invocations=31 (full 9):
 PSYoungGen      total 131072K, used 2919K [0x00000000f5580000, 0x00000000ff700000, 0x0000000100000000)
  eden space 105984K, 0% used [0x00000000f5580000,0x00000000f5580000,0x00000000fbd00000)
  from space 25088K, 11% used [0x00000000fde80000,0x00000000fe159ce0,0x00000000ff700000)
  to   space 29696K, 0% used [0x00000000fbd00000,0x00000000fbd00000,0x00000000fda00000)
 ParOldGen       total 86016K, used 43322K [0x00000000e0000000, 0x00000000e5400000, 0x00000000f5580000)
  object space 86016K, 50% used [0x00000000e0000000,0x00000000e2a4e8e0,0x00000000e5400000)
 Metaspace       used 83898K, capacity 89980K, committed 90240K, reserved 1128448K
  class space    used 10265K, capacity 12156K, committed 12160K, reserved 1048576K
}
Event: 2177.774 GC heap before
{Heap before GC invocations=32 (full 9):
 PSYoungGen      total 131072K, used 11813K [0x00000000f5580000, 0x00000000ff700000, 0x0000000100000000)
  eden space 105984K, 8% used [0x00000000f5580000,0x00000000f5e2f8a0,0x00000000fbd00000)
  from space 25088K, 11% used [0x00000000fde80000,0x00000000fe159ce0,0x00000000ff700000)
  to   space 29696K, 0% used [0x00000000fbd00000,0x00000000fbd00000,0x00000000fda00000)
 ParOldGen       total 86016K, used 43322K [0x00000000e0000000, 0x00000000e5400000, 0x00000000f5580000)
  object space 86016K, 50% used [0x00000000e0000000,0x00000000e2a4e8e0,0x00000000e5400000)
 Metaspace       used 83926K, capacity 89980K, committed 90240K, reserved 1128448K
  class space    used 10265K, capacity 12156K, committed 12160K, reserved 1048576K
Event: 2177.778 GC heap after
Heap after GC invocations=32 (full 9):
 PSYoungGen      total 107520K, used 1395K [0x00000000f5580000, 0x00000000ff500000, 0x0000000100000000)
  eden space 105984K, 0% used [0x00000000f5580000,0x00000000f5580000,0x00000000fbd00000)
  from space 1536K, 90% used [0x00000000fbd00000,0x00000000fbe5ceb0,0x00000000fbe80000)
  to   space 28672K, 0% used [0x00000000fd900000,0x00000000fd900000,0x00000000ff500000)
 ParOldGen       total 86016K, used 43322K [0x00000000e0000000, 0x00000000e5400000, 0x00000000f5580000)
  object space 86016K, 50% used [0x00000000e0000000,0x00000000e2a4e8e0,0x00000000e5400000)
 Metaspace       used 83926K, capacity 89980K, committed 90240K, reserved 1128448K
  class space    used 10265K, capacity 12156K, committed 12160K, reserved 1048576K
}
Event: 2177.778 GC heap before
{Heap before GC invocations=33 (full 10):
 PSYoungGen      total 107520K, used 1395K [0x00000000f5580000, 0x00000000ff500000, 0x0000000100000000)
  eden space 105984K, 0% used [0x00000000f5580000,0x00000000f5580000,0x00000000fbd00000)
  from space 1536K, 90% used [0x00000000fbd00000,0x00000000fbe5ceb0,0x00000000fbe80000)
  to   space 28672K, 0% used [0x00000000fd900000,0x00000000fd900000,0x00000000ff500000)
 ParOldGen       total 86016K, used 43322K [0x00000000e0000000, 0x00000000e5400000, 0x00000000f5580000)
  object space 86016K, 50% used [0x00000000e0000000,0x00000000e2a4e8e0,0x00000000e5400000)
 Metaspace       used 83926K, capacity 89980K, committed 90240K, reserved 1128448K
  class space    used 10265K, capacity 12156K, committed 12160K, reserved 1048576K
Event: 2178.118 GC heap after
Heap after GC invocations=33 (full 10):
 PSYoungGen      total 107520K, used 0K [0x00000000f5580000, 0x00000000ff500000, 0x0000000100000000)
  eden space 105984K, 0% used [0x00000000f5580000,0x00000000f5580000,0x00000000fbd00000)
  from space 1536K, 0% used [0x00000000fbd00000,0x00000000fbd00000,0x00000000fbe80000)
  to   space 28672K, 0% used [0x00000000fd900000,0x00000000fd900000,0x00000000ff500000)
 ParOldGen       total 86016K, used 39716K [0x00000000e0000000, 0x00000000e5400000, 0x00000000f5580000)
  object space 86016K, 46% used [0x00000000e0000000,0x00000000e26c90b8,0x00000000e5400000)
 Metaspace       used 83893K, capacity 89926K, committed 90240K, reserved 1128448K
  class space    used 10260K, capacity 12147K, committed 12160K, reserved 1048576K
}

